2020-06-05 19:10:53,226 ERROR 9084 [-/127.0.0.1/-/39ms POST /v1/news/create] nodejs.Error: invalid parameter 'title'
    at NewsController.create (D:\workspace\dsp-website\server\app\controller\news.js:20:19)
    at Object.callFn (D:\workspace\dsp-website\server\node_modules\egg\node_modules\egg-core\lib\utils\index.js:44:21)
    at Object.classControllerMiddleware (D:\workspace\dsp-website\server\node_modules\egg\node_modules\egg-core\lib\loader\mixin\controller.js:87:20)
    at Object.callFn (D:\workspace\dsp-website\server\node_modules\egg\node_modules\@eggjs\router\lib\utils.js:12:21)
    at wrappedController (D:\workspace\dsp-website\server\node_modules\egg\node_modules\@eggjs\router\lib\egg_router.js:322:18)
    at dispatch (D:\workspace\dsp-website\server\node_modules\egg\node_modules\koa-compose\index.js:44:32)
    at next (D:\workspace\dsp-website\server\node_modules\egg\node_modules\koa-compose\index.js:45:18)
    at D:\workspace\dsp-website\server\node_modules\egg\node_modules\@eggjs\router\lib\router.js:190:18
    at dispatch (D:\workspace\dsp-website\server\node_modules\egg\node_modules\koa-compose\index.js:44:32)
    at D:\workspace\dsp-website\server\node_modules\egg\node_modules\koa-compose\index.js:36:12
    at dispatch (D:\workspace\dsp-website\server\node_modules\egg\node_modules\@eggjs\router\lib\router.js:195:33)
    at dispatch (D:\workspace\dsp-website\server\node_modules\egg\node_modules\koa\node_modules\koa-compose\index.js:42:32)
    at D:\workspace\dsp-website\server\node_modules\egg\node_modules\egg-development\app\middleware\egg_loader_trace.js:9:56
    at dispatch (D:\workspace\dsp-website\server\node_modules\egg\node_modules\koa\node_modules\koa-compose\index.js:42:32)
    at i18n (D:\workspace\dsp-website\server\node_modules\egg\node_modules\egg-i18n\app\middleware\i18n.js:13:12)
    at dispatch (D:\workspace\dsp-website\server\node_modules\egg\node_modules\koa\node_modules\koa-compose\index.js:42:32)
    at dispatch (D:\workspace\dsp-website\server\node_modules\egg\node_modules\egg-security\node_modules\koa-compose\index.js:42:32)
    at dta (D:\workspace\dsp-website\server\node_modules\egg\node_modules\egg-security\lib\middlewares\dta.js:12:12)
    at dispatch (D:\workspace\dsp-website\server\node_modules\egg\node_modules\egg-security\node_modules\koa-compose\index.js:42:32)
    at xframe (D:\workspace\dsp-website\server\node_modules\egg\node_modules\egg-security\lib\middlewares\xframe.js:7:11)
    at dispatch (D:\workspace\dsp-website\server\node_modules\egg\node_modules\egg-security\node_modules\koa-compose\index.js:42:32)
    at xssProtection (D:\workspace\dsp-website\server\node_modules\egg\node_modules\egg-security\lib\middlewares\xssProtection.js:7:11)
code: 13001
headers: {"Access-Control-Allow-Origin":"*","vary":"Origin"}
pid: 9084
hostname: linxincheng-windows

2020-06-05 19:11:09,413 ERROR 9084 [-/127.0.0.1/-/44ms POST /v1/news/create] nodejs.Error: invalid parameter 'main'
    at NewsController.create (D:\workspace\dsp-website\server\app\controller\news.js:20:19)
    at Object.callFn (D:\workspace\dsp-website\server\node_modules\egg\node_modules\egg-core\lib\utils\index.js:44:21)
    at Object.classControllerMiddleware (D:\workspace\dsp-website\server\node_modules\egg\node_modules\egg-core\lib\loader\mixin\controller.js:87:20)
    at Object.callFn (D:\workspace\dsp-website\server\node_modules\egg\node_modules\@eggjs\router\lib\utils.js:12:21)
    at wrappedController (D:\workspace\dsp-website\server\node_modules\egg\node_modules\@eggjs\router\lib\egg_router.js:322:18)
    at dispatch (D:\workspace\dsp-website\server\node_modules\egg\node_modules\koa-compose\index.js:44:32)
    at next (D:\workspace\dsp-website\server\node_modules\egg\node_modules\koa-compose\index.js:45:18)
    at D:\workspace\dsp-website\server\node_modules\egg\node_modules\@eggjs\router\lib\router.js:190:18
    at dispatch (D:\workspace\dsp-website\server\node_modules\egg\node_modules\koa-compose\index.js:44:32)
    at D:\workspace\dsp-website\server\node_modules\egg\node_modules\koa-compose\index.js:36:12
    at dispatch (D:\workspace\dsp-website\server\node_modules\egg\node_modules\@eggjs\router\lib\router.js:195:33)
    at dispatch (D:\workspace\dsp-website\server\node_modules\egg\node_modules\koa\node_modules\koa-compose\index.js:42:32)
    at D:\workspace\dsp-website\server\node_modules\egg\node_modules\egg-development\app\middleware\egg_loader_trace.js:9:56
    at dispatch (D:\workspace\dsp-website\server\node_modules\egg\node_modules\koa\node_modules\koa-compose\index.js:42:32)
    at i18n (D:\workspace\dsp-website\server\node_modules\egg\node_modules\egg-i18n\app\middleware\i18n.js:13:12)
    at dispatch (D:\workspace\dsp-website\server\node_modules\egg\node_modules\koa\node_modules\koa-compose\index.js:42:32)
    at dispatch (D:\workspace\dsp-website\server\node_modules\egg\node_modules\egg-security\node_modules\koa-compose\index.js:42:32)
    at dta (D:\workspace\dsp-website\server\node_modules\egg\node_modules\egg-security\lib\middlewares\dta.js:12:12)
    at dispatch (D:\workspace\dsp-website\server\node_modules\egg\node_modules\egg-security\node_modules\koa-compose\index.js:42:32)
    at xframe (D:\workspace\dsp-website\server\node_modules\egg\node_modules\egg-security\lib\middlewares\xframe.js:7:11)
    at dispatch (D:\workspace\dsp-website\server\node_modules\egg\node_modules\egg-security\node_modules\koa-compose\index.js:42:32)
    at xssProtection (D:\workspace\dsp-website\server\node_modules\egg\node_modules\egg-security\lib\middlewares\xssProtection.js:7:11)
code: 13001
headers: {"Access-Control-Allow-Origin":"*","vary":"Origin"}
pid: 9084
hostname: linxincheng-windows

2020-06-05 19:11:26,683 ERROR 9084 [-/127.0.0.1/-/68ms POST /v1/news/create] nodejs.Error: invalid parameter 'main'
    at NewsController.create (D:\workspace\dsp-website\server\app\controller\news.js:20:19)
    at Object.callFn (D:\workspace\dsp-website\server\node_modules\egg\node_modules\egg-core\lib\utils\index.js:44:21)
    at Object.classControllerMiddleware (D:\workspace\dsp-website\server\node_modules\egg\node_modules\egg-core\lib\loader\mixin\controller.js:87:20)
    at Object.callFn (D:\workspace\dsp-website\server\node_modules\egg\node_modules\@eggjs\router\lib\utils.js:12:21)
    at wrappedController (D:\workspace\dsp-website\server\node_modules\egg\node_modules\@eggjs\router\lib\egg_router.js:322:18)
    at dispatch (D:\workspace\dsp-website\server\node_modules\egg\node_modules\koa-compose\index.js:44:32)
    at next (D:\workspace\dsp-website\server\node_modules\egg\node_modules\koa-compose\index.js:45:18)
    at D:\workspace\dsp-website\server\node_modules\egg\node_modules\@eggjs\router\lib\router.js:190:18
    at dispatch (D:\workspace\dsp-website\server\node_modules\egg\node_modules\koa-compose\index.js:44:32)
    at D:\workspace\dsp-website\server\node_modules\egg\node_modules\koa-compose\index.js:36:12
    at dispatch (D:\workspace\dsp-website\server\node_modules\egg\node_modules\@eggjs\router\lib\router.js:195:33)
    at dispatch (D:\workspace\dsp-website\server\node_modules\egg\node_modules\koa\node_modules\koa-compose\index.js:42:32)
    at D:\workspace\dsp-website\server\node_modules\egg\node_modules\egg-development\app\middleware\egg_loader_trace.js:9:56
    at dispatch (D:\workspace\dsp-website\server\node_modules\egg\node_modules\koa\node_modules\koa-compose\index.js:42:32)
    at i18n (D:\workspace\dsp-website\server\node_modules\egg\node_modules\egg-i18n\app\middleware\i18n.js:13:12)
    at dispatch (D:\workspace\dsp-website\server\node_modules\egg\node_modules\koa\node_modules\koa-compose\index.js:42:32)
    at dispatch (D:\workspace\dsp-website\server\node_modules\egg\node_modules\egg-security\node_modules\koa-compose\index.js:42:32)
    at dta (D:\workspace\dsp-website\server\node_modules\egg\node_modules\egg-security\lib\middlewares\dta.js:12:12)
    at dispatch (D:\workspace\dsp-website\server\node_modules\egg\node_modules\egg-security\node_modules\koa-compose\index.js:42:32)
    at xframe (D:\workspace\dsp-website\server\node_modules\egg\node_modules\egg-security\lib\middlewares\xframe.js:7:11)
    at dispatch (D:\workspace\dsp-website\server\node_modules\egg\node_modules\egg-security\node_modules\koa-compose\index.js:42:32)
    at xssProtection (D:\workspace\dsp-website\server\node_modules\egg\node_modules\egg-security\lib\middlewares\xssProtection.js:7:11)
code: 13001
headers: {"Access-Control-Allow-Origin":"*","vary":"Origin"}
pid: 9084
hostname: linxincheng-windows

