2020-06-08 14:55:32,645 INFO 15936 [egg-schedule]: register schedule D:\workspace\dsp-website\server\node_modules\egg-logrotator\app\schedule\clean_log.js
2020-06-08 14:55:32,645 INFO 15936 [egg-schedule]: register schedule D:\workspace\dsp-website\server\node_modules\egg-logrotator\app\schedule\rotate_by_file.js
2020-06-08 14:55:32,772 INFO 15936 [Timer] D:\workspace\dsp-website\server\node_modules\egg-logrotator\app\schedule\clean_log.js next time will execute after 32667229ms at 2020-06-09 00:00:00.001
2020-06-08 14:55:32,773 INFO 15936 [Timer] D:\workspace\dsp-website\server\node_modules\egg-logrotator\app\schedule\rotate_by_file.js next time will execute after 32668227ms at 2020-06-09 00:00:01.000
2020-06-08 14:55:42,359 INFO 16948 [egg-schedule]: register schedule D:\workspace\dsp-website\server\node_modules\egg-logrotator\app\schedule\clean_log.js
2020-06-08 14:55:42,359 INFO 16948 [egg-schedule]: register schedule D:\workspace\dsp-website\server\node_modules\egg-logrotator\app\schedule\rotate_by_file.js
2020-06-08 14:55:42,884 INFO 15688 [Timer] D:\workspace\dsp-website\server\node_modules\egg-logrotator\app\schedule\clean_log.js next time will execute after 32657119ms at 2020-06-09 00:00:00.003
2020-06-08 14:55:42,884 INFO 15688 [Timer] D:\workspace\dsp-website\server\node_modules\egg-logrotator\app\schedule\rotate_by_file.js next time will execute after 32658116ms at 2020-06-09 00:00:01.000
2020-06-08 14:56:48,024 INFO 10924 [egg-schedule]: register schedule D:\workspace\dsp-website\server\node_modules\egg-logrotator\app\schedule\clean_log.js
2020-06-08 14:56:48,024 INFO 10924 [egg-schedule]: register schedule D:\workspace\dsp-website\server\node_modules\egg-logrotator\app\schedule\rotate_by_file.js
2020-06-08 14:56:48,545 INFO 5784 [Timer] D:\workspace\dsp-website\server\node_modules\egg-logrotator\app\schedule\clean_log.js next time will execute after 32591457ms at 2020-06-09 00:00:00.002
2020-06-08 14:56:48,546 INFO 5784 [Timer] D:\workspace\dsp-website\server\node_modules\egg-logrotator\app\schedule\rotate_by_file.js next time will execute after 32592455ms at 2020-06-09 00:00:01.001
2020-06-08 14:57:40,246 INFO 6948 [egg-schedule]: register schedule D:\workspace\dsp-website\server\node_modules\egg-logrotator\app\schedule\clean_log.js
2020-06-08 14:57:40,246 INFO 6948 [egg-schedule]: register schedule D:\workspace\dsp-website\server\node_modules\egg-logrotator\app\schedule\rotate_by_file.js
2020-06-08 14:58:00,180 INFO 7980 [egg-schedule]: register schedule D:\workspace\dsp-website\server\node_modules\egg-logrotator\app\schedule\clean_log.js
2020-06-08 14:58:00,180 INFO 7980 [egg-schedule]: register schedule D:\workspace\dsp-website\server\node_modules\egg-logrotator\app\schedule\rotate_by_file.js
2020-06-08 14:58:55,064 INFO 2460 [egg-schedule]: register schedule D:\workspace\dsp-website\server\node_modules\egg-logrotator\app\schedule\clean_log.js
2020-06-08 14:58:55,064 INFO 2460 [egg-schedule]: register schedule D:\workspace\dsp-website\server\node_modules\egg-logrotator\app\schedule\rotate_by_file.js
2020-06-08 14:58:55,597 INFO 10924 [Timer] D:\workspace\dsp-website\server\node_modules\egg-logrotator\app\schedule\clean_log.js next time will execute after 32464406ms at 2020-06-09 00:00:00.003
2020-06-08 14:58:55,598 INFO 10924 [Timer] D:\workspace\dsp-website\server\node_modules\egg-logrotator\app\schedule\rotate_by_file.js next time will execute after 32465402ms at 2020-06-09 00:00:01.000
2020-06-08 15:01:58,131 INFO 7820 [egg-schedule]: register schedule D:\workspace\dsp-website\server\node_modules\egg-logrotator\app\schedule\clean_log.js
2020-06-08 15:01:58,131 INFO 7820 [egg-schedule]: register schedule D:\workspace\dsp-website\server\node_modules\egg-logrotator\app\schedule\rotate_by_file.js
2020-06-08 15:02:13,202 INFO 1612 [egg-schedule]: register schedule D:\workspace\dsp-website\server\node_modules\egg-logrotator\app\schedule\clean_log.js
2020-06-08 15:02:13,202 INFO 1612 [egg-schedule]: register schedule D:\workspace\dsp-website\server\node_modules\egg-logrotator\app\schedule\rotate_by_file.js
2020-06-08 15:05:59,038 INFO 5352 [egg-schedule]: register schedule D:\workspace\dsp-website\server\node_modules\egg-logrotator\app\schedule\clean_log.js
2020-06-08 15:05:59,038 INFO 5352 [egg-schedule]: register schedule D:\workspace\dsp-website\server\node_modules\egg-logrotator\app\schedule\rotate_by_file.js
2020-06-08 15:12:28,099 INFO 15732 [egg-schedule]: register schedule D:\workspace\dsp-website\server\node_modules\egg-logrotator\app\schedule\clean_log.js
2020-06-08 15:12:28,099 INFO 15732 [egg-schedule]: register schedule D:\workspace\dsp-website\server\node_modules\egg-logrotator\app\schedule\rotate_by_file.js
2020-06-08 15:12:35,206 INFO 7712 [egg-schedule]: register schedule D:\workspace\dsp-website\server\node_modules\egg-logrotator\app\schedule\clean_log.js
2020-06-08 15:12:35,206 INFO 7712 [egg-schedule]: register schedule D:\workspace\dsp-website\server\node_modules\egg-logrotator\app\schedule\rotate_by_file.js
2020-06-08 15:12:38,543 INFO 2480 [egg-schedule]: register schedule D:\workspace\dsp-website\server\node_modules\egg-logrotator\app\schedule\clean_log.js
2020-06-08 15:12:38,543 INFO 2480 [egg-schedule]: register schedule D:\workspace\dsp-website\server\node_modules\egg-logrotator\app\schedule\rotate_by_file.js
2020-06-08 15:12:59,579 INFO 14912 [egg-schedule]: register schedule D:\workspace\dsp-website\server\node_modules\egg-logrotator\app\schedule\clean_log.js
2020-06-08 15:12:59,579 INFO 14912 [egg-schedule]: register schedule D:\workspace\dsp-website\server\node_modules\egg-logrotator\app\schedule\rotate_by_file.js
2020-06-08 15:13:31,065 INFO 6276 [egg-schedule]: register schedule D:\workspace\dsp-website\server\node_modules\egg-logrotator\app\schedule\clean_log.js
2020-06-08 15:13:31,065 INFO 6276 [egg-schedule]: register schedule D:\workspace\dsp-website\server\node_modules\egg-logrotator\app\schedule\rotate_by_file.js
2020-06-08 15:13:31,581 INFO 17428 [Timer] D:\workspace\dsp-website\server\node_modules\egg-logrotator\app\schedule\clean_log.js next time will execute after 31588423ms at 2020-06-09 00:00:00.004
2020-06-08 15:13:31,582 INFO 17428 [Timer] D:\workspace\dsp-website\server\node_modules\egg-logrotator\app\schedule\rotate_by_file.js next time will execute after 31589419ms at 2020-06-09 00:00:01.001
2020-06-08 15:13:41,606 INFO 12528 [egg-schedule]: register schedule D:\workspace\dsp-website\server\node_modules\egg-logrotator\app\schedule\clean_log.js
2020-06-08 15:13:41,606 INFO 12528 [egg-schedule]: register schedule D:\workspace\dsp-website\server\node_modules\egg-logrotator\app\schedule\rotate_by_file.js
2020-06-08 15:14:28,486 INFO 1800 [egg-schedule]: register schedule D:\workspace\dsp-website\server\node_modules\egg-logrotator\app\schedule\clean_log.js
2020-06-08 15:14:28,486 INFO 1800 [egg-schedule]: register schedule D:\workspace\dsp-website\server\node_modules\egg-logrotator\app\schedule\rotate_by_file.js
2020-06-08 15:14:31,336 INFO 3692 [egg-schedule]: register schedule D:\workspace\dsp-website\server\node_modules\egg-logrotator\app\schedule\clean_log.js
2020-06-08 15:14:31,336 INFO 3692 [egg-schedule]: register schedule D:\workspace\dsp-website\server\node_modules\egg-logrotator\app\schedule\rotate_by_file.js
2020-06-08 15:14:33,174 INFO 18196 [egg-schedule]: register schedule D:\workspace\dsp-website\server\node_modules\egg-logrotator\app\schedule\clean_log.js
2020-06-08 15:14:33,174 INFO 18196 [egg-schedule]: register schedule D:\workspace\dsp-website\server\node_modules\egg-logrotator\app\schedule\rotate_by_file.js
2020-06-08 15:14:35,169 INFO 14024 [egg-schedule]: register schedule D:\workspace\dsp-website\server\node_modules\egg-logrotator\app\schedule\clean_log.js
2020-06-08 15:14:35,169 INFO 14024 [egg-schedule]: register schedule D:\workspace\dsp-website\server\node_modules\egg-logrotator\app\schedule\rotate_by_file.js
2020-06-08 15:14:37,159 INFO 10924 [egg-schedule]: register schedule D:\workspace\dsp-website\server\node_modules\egg-logrotator\app\schedule\clean_log.js
2020-06-08 15:14:37,159 INFO 10924 [egg-schedule]: register schedule D:\workspace\dsp-website\server\node_modules\egg-logrotator\app\schedule\rotate_by_file.js
2020-06-08 15:14:49,498 INFO 11556 [egg-schedule]: register schedule D:\workspace\dsp-website\server\node_modules\egg-logrotator\app\schedule\clean_log.js
2020-06-08 15:14:49,498 INFO 11556 [egg-schedule]: register schedule D:\workspace\dsp-website\server\node_modules\egg-logrotator\app\schedule\rotate_by_file.js
2020-06-08 15:14:50,008 INFO 5620 [Timer] D:\workspace\dsp-website\server\node_modules\egg-logrotator\app\schedule\clean_log.js next time will execute after 31509994ms at 2020-06-09 00:00:00.002
2020-06-08 15:14:50,009 INFO 5620 [Timer] D:\workspace\dsp-website\server\node_modules\egg-logrotator\app\schedule\rotate_by_file.js next time will execute after 31510992ms at 2020-06-09 00:00:01.001
2020-06-08 15:14:50,662 INFO 3616 [egg-schedule]: register schedule D:\workspace\dsp-website\server\node_modules\egg-logrotator\app\schedule\clean_log.js
2020-06-08 15:14:50,662 INFO 3616 [egg-schedule]: register schedule D:\workspace\dsp-website\server\node_modules\egg-logrotator\app\schedule\rotate_by_file.js
2020-06-08 15:17:28,715 INFO 18136 [egg-schedule]: register schedule D:\workspace\dsp-website\server\node_modules\egg-logrotator\app\schedule\clean_log.js
2020-06-08 15:17:28,715 INFO 18136 [egg-schedule]: register schedule D:\workspace\dsp-website\server\node_modules\egg-logrotator\app\schedule\rotate_by_file.js
2020-06-08 15:17:29,214 INFO 4836 [Timer] D:\workspace\dsp-website\server\node_modules\egg-logrotator\app\schedule\clean_log.js next time will execute after 31350788ms at 2020-06-09 00:00:00.002
2020-06-08 15:17:29,214 INFO 4836 [Timer] D:\workspace\dsp-website\server\node_modules\egg-logrotator\app\schedule\rotate_by_file.js next time will execute after 31351786ms at 2020-06-09 00:00:01.000
2020-06-08 15:18:00,688 INFO 6044 [egg-schedule]: register schedule D:\workspace\dsp-website\server\node_modules\egg-logrotator\app\schedule\clean_log.js
2020-06-08 15:18:00,688 INFO 6044 [egg-schedule]: register schedule D:\workspace\dsp-website\server\node_modules\egg-logrotator\app\schedule\rotate_by_file.js
2020-06-08 15:18:01,226 INFO 6796 [Timer] D:\workspace\dsp-website\server\node_modules\egg-logrotator\app\schedule\clean_log.js next time will execute after 31318777ms at 2020-06-09 00:00:00.003
2020-06-08 15:18:01,226 INFO 6796 [Timer] D:\workspace\dsp-website\server\node_modules\egg-logrotator\app\schedule\rotate_by_file.js next time will execute after 31319774ms at 2020-06-09 00:00:01.000
2020-06-08 15:18:40,934 INFO 6196 [egg-schedule]: register schedule D:\workspace\dsp-website\server\node_modules\egg-logrotator\app\schedule\clean_log.js
2020-06-08 15:18:40,934 INFO 6196 [egg-schedule]: register schedule D:\workspace\dsp-website\server\node_modules\egg-logrotator\app\schedule\rotate_by_file.js
2020-06-08 15:18:41,438 INFO 10536 [Timer] D:\workspace\dsp-website\server\node_modules\egg-logrotator\app\schedule\clean_log.js next time will execute after 31278565ms at 2020-06-09 00:00:00.003
2020-06-08 15:18:41,438 INFO 10536 [Timer] D:\workspace\dsp-website\server\node_modules\egg-logrotator\app\schedule\rotate_by_file.js next time will execute after 31279562ms at 2020-06-09 00:00:01.000
2020-06-08 15:18:50,257 INFO 12524 [egg-schedule]: register schedule D:\workspace\dsp-website\server\node_modules\egg-logrotator\app\schedule\clean_log.js
2020-06-08 15:18:50,257 INFO 12524 [egg-schedule]: register schedule D:\workspace\dsp-website\server\node_modules\egg-logrotator\app\schedule\rotate_by_file.js
2020-06-08 15:18:51,824 INFO 1344 [egg-schedule]: register schedule D:\workspace\dsp-website\server\node_modules\egg-logrotator\app\schedule\clean_log.js
2020-06-08 15:18:51,824 INFO 1344 [egg-schedule]: register schedule D:\workspace\dsp-website\server\node_modules\egg-logrotator\app\schedule\rotate_by_file.js
2020-06-08 15:18:53,776 INFO 5972 [egg-schedule]: register schedule D:\workspace\dsp-website\server\node_modules\egg-logrotator\app\schedule\clean_log.js
2020-06-08 15:18:53,776 INFO 5972 [egg-schedule]: register schedule D:\workspace\dsp-website\server\node_modules\egg-logrotator\app\schedule\rotate_by_file.js
2020-06-08 15:26:09,228 INFO 13908 [egg-schedule]: register schedule D:\workspace\dsp-website\server\node_modules\egg-logrotator\app\schedule\clean_log.js
2020-06-08 15:26:09,228 INFO 13908 [egg-schedule]: register schedule D:\workspace\dsp-website\server\node_modules\egg-logrotator\app\schedule\rotate_by_file.js
2020-06-08 15:26:09,702 INFO 14688 [Timer] D:\workspace\dsp-website\server\node_modules\egg-logrotator\app\schedule\clean_log.js next time will execute after 30830300ms at 2020-06-09 00:00:00.002
2020-06-08 15:26:09,703 INFO 14688 [Timer] D:\workspace\dsp-website\server\node_modules\egg-logrotator\app\schedule\rotate_by_file.js next time will execute after 30831298ms at 2020-06-09 00:00:01.001
2020-06-08 15:27:14,529 INFO 1336 [egg-schedule]: register schedule D:\workspace\dsp-website\server\node_modules\egg-logrotator\app\schedule\clean_log.js
2020-06-08 15:27:14,529 INFO 1336 [egg-schedule]: register schedule D:\workspace\dsp-website\server\node_modules\egg-logrotator\app\schedule\rotate_by_file.js
2020-06-08 15:27:19,021 INFO 2660 [egg-schedule]: register schedule D:\workspace\dsp-website\server\node_modules\egg-logrotator\app\schedule\clean_log.js
2020-06-08 15:27:19,021 INFO 2660 [egg-schedule]: register schedule D:\workspace\dsp-website\server\node_modules\egg-logrotator\app\schedule\rotate_by_file.js
2020-06-08 15:27:23,861 INFO 128 [egg-schedule]: register schedule D:\workspace\dsp-website\server\node_modules\egg-logrotator\app\schedule\clean_log.js
2020-06-08 15:27:23,861 INFO 128 [egg-schedule]: register schedule D:\workspace\dsp-website\server\node_modules\egg-logrotator\app\schedule\rotate_by_file.js
2020-06-08 15:27:41,100 INFO 9416 [egg-schedule]: register schedule D:\workspace\dsp-website\server\node_modules\egg-logrotator\app\schedule\clean_log.js
2020-06-08 15:27:41,100 INFO 9416 [egg-schedule]: register schedule D:\workspace\dsp-website\server\node_modules\egg-logrotator\app\schedule\rotate_by_file.js
2020-06-08 15:27:52,170 INFO 16264 [egg-schedule]: register schedule D:\workspace\dsp-website\server\node_modules\egg-logrotator\app\schedule\clean_log.js
2020-06-08 15:27:52,170 INFO 16264 [egg-schedule]: register schedule D:\workspace\dsp-website\server\node_modules\egg-logrotator\app\schedule\rotate_by_file.js
2020-06-08 15:27:52,715 INFO 12908 [Timer] D:\workspace\dsp-website\server\node_modules\egg-logrotator\app\schedule\clean_log.js next time will execute after 30727288ms at 2020-06-09 00:00:00.003
2020-06-08 15:27:52,715 INFO 12908 [Timer] D:\workspace\dsp-website\server\node_modules\egg-logrotator\app\schedule\rotate_by_file.js next time will execute after 30728285ms at 2020-06-09 00:00:01.000
2020-06-08 15:30:25,997 INFO 12852 [egg-schedule]: register schedule D:\workspace\dsp-website\server\node_modules\egg-logrotator\app\schedule\clean_log.js
2020-06-08 15:30:25,997 INFO 12852 [egg-schedule]: register schedule D:\workspace\dsp-website\server\node_modules\egg-logrotator\app\schedule\rotate_by_file.js
2020-06-08 15:30:27,667 INFO 1344 [egg-schedule]: register schedule D:\workspace\dsp-website\server\node_modules\egg-logrotator\app\schedule\clean_log.js
2020-06-08 15:30:27,667 INFO 1344 [egg-schedule]: register schedule D:\workspace\dsp-website\server\node_modules\egg-logrotator\app\schedule\rotate_by_file.js
2020-06-08 15:30:29,550 INFO 5004 [egg-schedule]: register schedule D:\workspace\dsp-website\server\node_modules\egg-logrotator\app\schedule\clean_log.js
2020-06-08 15:30:29,550 INFO 5004 [egg-schedule]: register schedule D:\workspace\dsp-website\server\node_modules\egg-logrotator\app\schedule\rotate_by_file.js
2020-06-08 15:30:31,503 INFO 12824 [egg-schedule]: register schedule D:\workspace\dsp-website\server\node_modules\egg-logrotator\app\schedule\clean_log.js
2020-06-08 15:30:31,503 INFO 12824 [egg-schedule]: register schedule D:\workspace\dsp-website\server\node_modules\egg-logrotator\app\schedule\rotate_by_file.js
2020-06-08 15:30:33,386 INFO 13440 [egg-schedule]: register schedule D:\workspace\dsp-website\server\node_modules\egg-logrotator\app\schedule\clean_log.js
2020-06-08 15:30:33,386 INFO 13440 [egg-schedule]: register schedule D:\workspace\dsp-website\server\node_modules\egg-logrotator\app\schedule\rotate_by_file.js
2020-06-08 15:30:35,106 INFO 11108 [egg-schedule]: register schedule D:\workspace\dsp-website\server\node_modules\egg-logrotator\app\schedule\clean_log.js
2020-06-08 15:30:35,106 INFO 11108 [egg-schedule]: register schedule D:\workspace\dsp-website\server\node_modules\egg-logrotator\app\schedule\rotate_by_file.js
2020-06-08 15:30:36,873 INFO 1376 [egg-schedule]: register schedule D:\workspace\dsp-website\server\node_modules\egg-logrotator\app\schedule\clean_log.js
2020-06-08 15:30:36,873 INFO 1376 [egg-schedule]: register schedule D:\workspace\dsp-website\server\node_modules\egg-logrotator\app\schedule\rotate_by_file.js
2020-06-08 15:30:38,558 INFO 9984 [egg-schedule]: register schedule D:\workspace\dsp-website\server\node_modules\egg-logrotator\app\schedule\clean_log.js
2020-06-08 15:30:38,558 INFO 9984 [egg-schedule]: register schedule D:\workspace\dsp-website\server\node_modules\egg-logrotator\app\schedule\rotate_by_file.js
2020-06-08 15:30:40,454 INFO 1856 [egg-schedule]: register schedule D:\workspace\dsp-website\server\node_modules\egg-logrotator\app\schedule\clean_log.js
2020-06-08 15:30:40,454 INFO 1856 [egg-schedule]: register schedule D:\workspace\dsp-website\server\node_modules\egg-logrotator\app\schedule\rotate_by_file.js
2020-06-08 15:30:42,252 INFO 9448 [egg-schedule]: register schedule D:\workspace\dsp-website\server\node_modules\egg-logrotator\app\schedule\clean_log.js
2020-06-08 15:30:42,252 INFO 9448 [egg-schedule]: register schedule D:\workspace\dsp-website\server\node_modules\egg-logrotator\app\schedule\rotate_by_file.js
2020-06-08 15:30:44,171 INFO 14668 [egg-schedule]: register schedule D:\workspace\dsp-website\server\node_modules\egg-logrotator\app\schedule\clean_log.js
2020-06-08 15:30:44,171 INFO 14668 [egg-schedule]: register schedule D:\workspace\dsp-website\server\node_modules\egg-logrotator\app\schedule\rotate_by_file.js
2020-06-08 15:30:45,861 INFO 14664 [egg-schedule]: register schedule D:\workspace\dsp-website\server\node_modules\egg-logrotator\app\schedule\clean_log.js
2020-06-08 15:30:45,861 INFO 14664 [egg-schedule]: register schedule D:\workspace\dsp-website\server\node_modules\egg-logrotator\app\schedule\rotate_by_file.js
2020-06-08 15:30:47,697 INFO 10692 [egg-schedule]: register schedule D:\workspace\dsp-website\server\node_modules\egg-logrotator\app\schedule\clean_log.js
2020-06-08 15:30:47,697 INFO 10692 [egg-schedule]: register schedule D:\workspace\dsp-website\server\node_modules\egg-logrotator\app\schedule\rotate_by_file.js
2020-06-08 15:30:49,350 INFO 10308 [egg-schedule]: register schedule D:\workspace\dsp-website\server\node_modules\egg-logrotator\app\schedule\clean_log.js
2020-06-08 15:30:49,350 INFO 10308 [egg-schedule]: register schedule D:\workspace\dsp-website\server\node_modules\egg-logrotator\app\schedule\rotate_by_file.js
2020-06-08 15:30:51,395 INFO 6032 [egg-schedule]: register schedule D:\workspace\dsp-website\server\node_modules\egg-logrotator\app\schedule\clean_log.js
2020-06-08 15:30:51,395 INFO 6032 [egg-schedule]: register schedule D:\workspace\dsp-website\server\node_modules\egg-logrotator\app\schedule\rotate_by_file.js
2020-06-08 15:30:53,173 INFO 18056 [egg-schedule]: register schedule D:\workspace\dsp-website\server\node_modules\egg-logrotator\app\schedule\clean_log.js
2020-06-08 15:30:53,173 INFO 18056 [egg-schedule]: register schedule D:\workspace\dsp-website\server\node_modules\egg-logrotator\app\schedule\rotate_by_file.js
2020-06-08 15:50:41,589 INFO 2028 [egg-schedule]: register schedule D:\workspace\dsp-website\server\node_modules\egg-logrotator\app\schedule\clean_log.js
2020-06-08 15:50:41,589 INFO 2028 [egg-schedule]: register schedule D:\workspace\dsp-website\server\node_modules\egg-logrotator\app\schedule\rotate_by_file.js
2020-06-08 15:50:42,203 INFO 6136 [Timer] D:\workspace\dsp-website\server\node_modules\egg-logrotator\app\schedule\clean_log.js next time will execute after 29357799ms at 2020-06-09 00:00:00.002
2020-06-08 15:50:42,203 INFO 6136 [Timer] D:\workspace\dsp-website\server\node_modules\egg-logrotator\app\schedule\rotate_by_file.js next time will execute after 29358797ms at 2020-06-09 00:00:01.000
2020-06-08 16:22:10,968 INFO 13772 [egg-schedule]: register schedule D:\workspace\dsp-website\server\node_modules\egg\node_modules\egg-multipart\app\schedule\clean_tmpdir.js
2020-06-08 16:22:10,969 INFO 13772 [egg-schedule]: register schedule D:\workspace\dsp-website\server\node_modules\egg\node_modules\egg-logrotator\app\schedule\clean_log.js
2020-06-08 16:22:10,969 INFO 13772 [egg-schedule]: register schedule D:\workspace\dsp-website\server\node_modules\egg\node_modules\egg-logrotator\app\schedule\rotate_by_file.js
2020-06-08 16:22:11,765 INFO 17604 [Timer] D:\workspace\dsp-website\server\node_modules\egg\node_modules\egg-multipart\app\schedule\clean_tmpdir.js next time will execute after 43668237ms at 2020-06-09 04:30:00.002
2020-06-08 16:22:11,766 INFO 17604 [Timer] D:\workspace\dsp-website\server\node_modules\egg\node_modules\egg-logrotator\app\schedule\clean_log.js next time will execute after 27468235ms at 2020-06-09 00:00:00.001
2020-06-08 16:22:11,766 INFO 17604 [Timer] D:\workspace\dsp-website\server\node_modules\egg\node_modules\egg-logrotator\app\schedule\rotate_by_file.js next time will execute after 27469234ms at 2020-06-09 00:00:01.000
2020-06-08 16:24:00,121 INFO 8048 [egg-schedule]: register schedule D:\workspace\dsp-website\server\node_modules\egg\node_modules\egg-multipart\app\schedule\clean_tmpdir.js
2020-06-08 16:24:00,121 INFO 8048 [egg-schedule]: register schedule D:\workspace\dsp-website\server\node_modules\egg\node_modules\egg-logrotator\app\schedule\clean_log.js
2020-06-08 16:24:00,121 INFO 8048 [egg-schedule]: register schedule D:\workspace\dsp-website\server\node_modules\egg\node_modules\egg-logrotator\app\schedule\rotate_by_file.js
2020-06-08 16:27:16,172 INFO 11272 [egg-schedule]: register schedule D:\workspace\dsp-website\server\node_modules\egg\node_modules\egg-multipart\app\schedule\clean_tmpdir.js
2020-06-08 16:27:16,172 INFO 11272 [egg-schedule]: register schedule D:\workspace\dsp-website\server\node_modules\egg\node_modules\egg-logrotator\app\schedule\clean_log.js
2020-06-08 16:27:16,172 INFO 11272 [egg-schedule]: register schedule D:\workspace\dsp-website\server\node_modules\egg\node_modules\egg-logrotator\app\schedule\rotate_by_file.js
2020-06-08 16:27:26,609 INFO 11648 [egg-schedule]: register schedule D:\workspace\dsp-website\server\node_modules\egg\node_modules\egg-multipart\app\schedule\clean_tmpdir.js
2020-06-08 16:27:26,609 INFO 11648 [egg-schedule]: register schedule D:\workspace\dsp-website\server\node_modules\egg\node_modules\egg-logrotator\app\schedule\clean_log.js
2020-06-08 16:27:26,609 INFO 11648 [egg-schedule]: register schedule D:\workspace\dsp-website\server\node_modules\egg\node_modules\egg-logrotator\app\schedule\rotate_by_file.js
2020-06-08 16:27:27,306 INFO 14688 [Timer] D:\workspace\dsp-website\server\node_modules\egg\node_modules\egg-multipart\app\schedule\clean_tmpdir.js next time will execute after 43352697ms at 2020-06-09 04:30:00.003
2020-06-08 16:27:27,306 INFO 14688 [Timer] D:\workspace\dsp-website\server\node_modules\egg\node_modules\egg-logrotator\app\schedule\clean_log.js next time will execute after 27152694ms at 2020-06-09 00:00:00.000
2020-06-08 16:27:27,307 INFO 14688 [Timer] D:\workspace\dsp-website\server\node_modules\egg\node_modules\egg-logrotator\app\schedule\rotate_by_file.js next time will execute after 27153693ms at 2020-06-09 00:00:01.000
2020-06-08 16:27:48,540 INFO 13332 [egg-schedule]: register schedule D:\workspace\dsp-website\server\node_modules\egg\node_modules\egg-multipart\app\schedule\clean_tmpdir.js
2020-06-08 16:27:48,540 INFO 13332 [egg-schedule]: register schedule D:\workspace\dsp-website\server\node_modules\egg\node_modules\egg-logrotator\app\schedule\clean_log.js
2020-06-08 16:27:48,541 INFO 13332 [egg-schedule]: register schedule D:\workspace\dsp-website\server\node_modules\egg\node_modules\egg-logrotator\app\schedule\rotate_by_file.js
2020-06-08 16:27:49,148 INFO 16976 [Timer] D:\workspace\dsp-website\server\node_modules\egg\node_modules\egg-multipart\app\schedule\clean_tmpdir.js next time will execute after 43330854ms at 2020-06-09 04:30:00.002
2020-06-08 16:27:49,148 INFO 16976 [Timer] D:\workspace\dsp-website\server\node_modules\egg\node_modules\egg-logrotator\app\schedule\clean_log.js next time will execute after 27130852ms at 2020-06-09 00:00:00.000
2020-06-08 16:27:49,149 INFO 16976 [Timer] D:\workspace\dsp-website\server\node_modules\egg\node_modules\egg-logrotator\app\schedule\rotate_by_file.js next time will execute after 27131852ms at 2020-06-09 00:00:01.001
2020-06-08 16:28:56,759 INFO 13456 [egg-schedule]: register schedule D:\workspace\dsp-website\server\node_modules\egg\node_modules\egg-multipart\app\schedule\clean_tmpdir.js
2020-06-08 16:28:56,759 INFO 13456 [egg-schedule]: register schedule D:\workspace\dsp-website\server\node_modules\egg\node_modules\egg-logrotator\app\schedule\clean_log.js
2020-06-08 16:28:56,759 INFO 13456 [egg-schedule]: register schedule D:\workspace\dsp-website\server\node_modules\egg\node_modules\egg-logrotator\app\schedule\rotate_by_file.js
2020-06-08 16:28:58,450 INFO 13772 [egg-schedule]: register schedule D:\workspace\dsp-website\server\node_modules\egg\node_modules\egg-multipart\app\schedule\clean_tmpdir.js
2020-06-08 16:28:58,450 INFO 13772 [egg-schedule]: register schedule D:\workspace\dsp-website\server\node_modules\egg\node_modules\egg-logrotator\app\schedule\clean_log.js
2020-06-08 16:28:58,450 INFO 13772 [egg-schedule]: register schedule D:\workspace\dsp-website\server\node_modules\egg\node_modules\egg-logrotator\app\schedule\rotate_by_file.js
2020-06-08 16:29:00,679 INFO 16956 [egg-schedule]: register schedule D:\workspace\dsp-website\server\node_modules\egg\node_modules\egg-multipart\app\schedule\clean_tmpdir.js
2020-06-08 16:29:00,679 INFO 16956 [egg-schedule]: register schedule D:\workspace\dsp-website\server\node_modules\egg\node_modules\egg-logrotator\app\schedule\clean_log.js
2020-06-08 16:29:00,679 INFO 16956 [egg-schedule]: register schedule D:\workspace\dsp-website\server\node_modules\egg\node_modules\egg-logrotator\app\schedule\rotate_by_file.js
2020-06-08 16:29:13,119 INFO 6336 [egg-schedule]: register schedule D:\workspace\dsp-website\server\node_modules\egg\node_modules\egg-multipart\app\schedule\clean_tmpdir.js
2020-06-08 16:29:13,119 INFO 6336 [egg-schedule]: register schedule D:\workspace\dsp-website\server\node_modules\egg\node_modules\egg-logrotator\app\schedule\clean_log.js
2020-06-08 16:29:13,119 INFO 6336 [egg-schedule]: register schedule D:\workspace\dsp-website\server\node_modules\egg\node_modules\egg-logrotator\app\schedule\rotate_by_file.js
2020-06-08 16:29:13,731 INFO 2340 [Timer] D:\workspace\dsp-website\server\node_modules\egg\node_modules\egg-multipart\app\schedule\clean_tmpdir.js next time will execute after 43246271ms at 2020-06-09 04:30:00.002
2020-06-08 16:29:13,731 INFO 2340 [Timer] D:\workspace\dsp-website\server\node_modules\egg\node_modules\egg-logrotator\app\schedule\clean_log.js next time will execute after 27046269ms at 2020-06-09 00:00:00.000
2020-06-08 16:29:13,731 INFO 2340 [Timer] D:\workspace\dsp-website\server\node_modules\egg\node_modules\egg-logrotator\app\schedule\rotate_by_file.js next time will execute after 27047269ms at 2020-06-09 00:00:01.000
2020-06-08 16:29:14,832 INFO 8884 [egg-schedule]: register schedule D:\workspace\dsp-website\server\node_modules\egg\node_modules\egg-multipart\app\schedule\clean_tmpdir.js
2020-06-08 16:29:14,832 INFO 8884 [egg-schedule]: register schedule D:\workspace\dsp-website\server\node_modules\egg\node_modules\egg-logrotator\app\schedule\clean_log.js
2020-06-08 16:29:14,832 INFO 8884 [egg-schedule]: register schedule D:\workspace\dsp-website\server\node_modules\egg\node_modules\egg-logrotator\app\schedule\rotate_by_file.js
2020-06-09 10:20:45,704 INFO 13784 [egg-schedule]: register schedule D:\workspace\dsp-website\server\node_modules\egg\node_modules\egg-multipart\app\schedule\clean_tmpdir.js
2020-06-09 10:20:45,704 INFO 13784 [egg-schedule]: register schedule D:\workspace\dsp-website\server\node_modules\egg\node_modules\egg-logrotator\app\schedule\clean_log.js
2020-06-09 10:20:45,704 INFO 13784 [egg-schedule]: register schedule D:\workspace\dsp-website\server\node_modules\egg\node_modules\egg-logrotator\app\schedule\rotate_by_file.js
2020-06-09 10:20:46,523 INFO 16132 [Timer] D:\workspace\dsp-website\server\node_modules\egg\node_modules\egg-multipart\app\schedule\clean_tmpdir.js next time will execute after 65353481ms at 2020-06-10 04:30:00.004
2020-06-09 10:20:46,523 INFO 16132 [Timer] D:\workspace\dsp-website\server\node_modules\egg\node_modules\egg-logrotator\app\schedule\clean_log.js next time will execute after 49153477ms at 2020-06-10 00:00:00.000
2020-06-09 10:20:46,524 INFO 16132 [Timer] D:\workspace\dsp-website\server\node_modules\egg\node_modules\egg-logrotator\app\schedule\rotate_by_file.js next time will execute after 49154477ms at 2020-06-10 00:00:01.001
2020-06-09 10:20:47,513 INFO 7180 [egg-schedule]: register schedule D:\workspace\dsp-website\server\node_modules\egg\node_modules\egg-multipart\app\schedule\clean_tmpdir.js
2020-06-09 10:20:47,513 INFO 7180 [egg-schedule]: register schedule D:\workspace\dsp-website\server\node_modules\egg\node_modules\egg-logrotator\app\schedule\clean_log.js
2020-06-09 10:20:47,513 INFO 7180 [egg-schedule]: register schedule D:\workspace\dsp-website\server\node_modules\egg\node_modules\egg-logrotator\app\schedule\rotate_by_file.js
2020-06-09 10:20:49,199 INFO 17348 [egg-schedule]: register schedule D:\workspace\dsp-website\server\node_modules\egg\node_modules\egg-multipart\app\schedule\clean_tmpdir.js
2020-06-09 10:20:49,199 INFO 17348 [egg-schedule]: register schedule D:\workspace\dsp-website\server\node_modules\egg\node_modules\egg-logrotator\app\schedule\clean_log.js
2020-06-09 10:20:49,199 INFO 17348 [egg-schedule]: register schedule D:\workspace\dsp-website\server\node_modules\egg\node_modules\egg-logrotator\app\schedule\rotate_by_file.js
2020-06-09 10:20:54,924 INFO 7612 [egg-schedule]: register schedule D:\workspace\dsp-website\server\node_modules\egg\node_modules\egg-multipart\app\schedule\clean_tmpdir.js
2020-06-09 10:20:54,924 INFO 7612 [egg-schedule]: register schedule D:\workspace\dsp-website\server\node_modules\egg\node_modules\egg-logrotator\app\schedule\clean_log.js
2020-06-09 10:20:54,924 INFO 7612 [egg-schedule]: register schedule D:\workspace\dsp-website\server\node_modules\egg\node_modules\egg-logrotator\app\schedule\rotate_by_file.js
2020-06-09 10:20:56,609 INFO 9744 [egg-schedule]: register schedule D:\workspace\dsp-website\server\node_modules\egg\node_modules\egg-multipart\app\schedule\clean_tmpdir.js
2020-06-09 10:20:56,609 INFO 9744 [egg-schedule]: register schedule D:\workspace\dsp-website\server\node_modules\egg\node_modules\egg-logrotator\app\schedule\clean_log.js
2020-06-09 10:20:56,609 INFO 9744 [egg-schedule]: register schedule D:\workspace\dsp-website\server\node_modules\egg\node_modules\egg-logrotator\app\schedule\rotate_by_file.js
2020-06-09 10:20:58,591 INFO 17720 [egg-schedule]: register schedule D:\workspace\dsp-website\server\node_modules\egg\node_modules\egg-multipart\app\schedule\clean_tmpdir.js
2020-06-09 10:20:58,591 INFO 17720 [egg-schedule]: register schedule D:\workspace\dsp-website\server\node_modules\egg\node_modules\egg-logrotator\app\schedule\clean_log.js
2020-06-09 10:20:58,591 INFO 17720 [egg-schedule]: register schedule D:\workspace\dsp-website\server\node_modules\egg\node_modules\egg-logrotator\app\schedule\rotate_by_file.js
2020-06-09 10:21:00,262 INFO 12504 [egg-schedule]: register schedule D:\workspace\dsp-website\server\node_modules\egg\node_modules\egg-multipart\app\schedule\clean_tmpdir.js
2020-06-09 10:21:00,262 INFO 12504 [egg-schedule]: register schedule D:\workspace\dsp-website\server\node_modules\egg\node_modules\egg-logrotator\app\schedule\clean_log.js
2020-06-09 10:21:00,262 INFO 12504 [egg-schedule]: register schedule D:\workspace\dsp-website\server\node_modules\egg\node_modules\egg-logrotator\app\schedule\rotate_by_file.js
2020-06-09 10:21:02,107 INFO 7840 [egg-schedule]: register schedule D:\workspace\dsp-website\server\node_modules\egg\node_modules\egg-multipart\app\schedule\clean_tmpdir.js
2020-06-09 10:21:02,107 INFO 7840 [egg-schedule]: register schedule D:\workspace\dsp-website\server\node_modules\egg\node_modules\egg-logrotator\app\schedule\clean_log.js
2020-06-09 10:21:02,107 INFO 7840 [egg-schedule]: register schedule D:\workspace\dsp-website\server\node_modules\egg\node_modules\egg-logrotator\app\schedule\rotate_by_file.js
2020-06-09 10:21:03,796 INFO 10056 [egg-schedule]: register schedule D:\workspace\dsp-website\server\node_modules\egg\node_modules\egg-multipart\app\schedule\clean_tmpdir.js
2020-06-09 10:21:03,796 INFO 10056 [egg-schedule]: register schedule D:\workspace\dsp-website\server\node_modules\egg\node_modules\egg-logrotator\app\schedule\clean_log.js
2020-06-09 10:21:03,796 INFO 10056 [egg-schedule]: register schedule D:\workspace\dsp-website\server\node_modules\egg\node_modules\egg-logrotator\app\schedule\rotate_by_file.js
2020-06-09 10:21:05,584 INFO 10028 [egg-schedule]: register schedule D:\workspace\dsp-website\server\node_modules\egg\node_modules\egg-multipart\app\schedule\clean_tmpdir.js
2020-06-09 10:21:05,584 INFO 10028 [egg-schedule]: register schedule D:\workspace\dsp-website\server\node_modules\egg\node_modules\egg-logrotator\app\schedule\clean_log.js
2020-06-09 10:21:05,584 INFO 10028 [egg-schedule]: register schedule D:\workspace\dsp-website\server\node_modules\egg\node_modules\egg-logrotator\app\schedule\rotate_by_file.js
2020-06-09 10:21:07,212 INFO 14888 [egg-schedule]: register schedule D:\workspace\dsp-website\server\node_modules\egg\node_modules\egg-multipart\app\schedule\clean_tmpdir.js
2020-06-09 10:21:07,212 INFO 14888 [egg-schedule]: register schedule D:\workspace\dsp-website\server\node_modules\egg\node_modules\egg-logrotator\app\schedule\clean_log.js
2020-06-09 10:21:07,212 INFO 14888 [egg-schedule]: register schedule D:\workspace\dsp-website\server\node_modules\egg\node_modules\egg-logrotator\app\schedule\rotate_by_file.js
2020-06-09 10:21:09,012 INFO 10824 [egg-schedule]: register schedule D:\workspace\dsp-website\server\node_modules\egg\node_modules\egg-multipart\app\schedule\clean_tmpdir.js
2020-06-09 10:21:09,012 INFO 10824 [egg-schedule]: register schedule D:\workspace\dsp-website\server\node_modules\egg\node_modules\egg-logrotator\app\schedule\clean_log.js
2020-06-09 10:21:09,012 INFO 10824 [egg-schedule]: register schedule D:\workspace\dsp-website\server\node_modules\egg\node_modules\egg-logrotator\app\schedule\rotate_by_file.js
2020-06-09 10:21:10,625 INFO 8332 [egg-schedule]: register schedule D:\workspace\dsp-website\server\node_modules\egg\node_modules\egg-multipart\app\schedule\clean_tmpdir.js
2020-06-09 10:21:10,625 INFO 8332 [egg-schedule]: register schedule D:\workspace\dsp-website\server\node_modules\egg\node_modules\egg-logrotator\app\schedule\clean_log.js
2020-06-09 10:21:10,625 INFO 8332 [egg-schedule]: register schedule D:\workspace\dsp-website\server\node_modules\egg\node_modules\egg-logrotator\app\schedule\rotate_by_file.js
2020-06-09 10:21:12,534 INFO 7148 [egg-schedule]: register schedule D:\workspace\dsp-website\server\node_modules\egg\node_modules\egg-multipart\app\schedule\clean_tmpdir.js
2020-06-09 10:21:12,534 INFO 7148 [egg-schedule]: register schedule D:\workspace\dsp-website\server\node_modules\egg\node_modules\egg-logrotator\app\schedule\clean_log.js
2020-06-09 10:21:12,534 INFO 7148 [egg-schedule]: register schedule D:\workspace\dsp-website\server\node_modules\egg\node_modules\egg-logrotator\app\schedule\rotate_by_file.js
2020-06-09 10:21:50,516 INFO 6348 [egg-schedule]: register schedule D:\workspace\dsp-website\server\node_modules\egg\node_modules\egg-multipart\app\schedule\clean_tmpdir.js
2020-06-09 10:21:50,516 INFO 6348 [egg-schedule]: register schedule D:\workspace\dsp-website\server\node_modules\egg\node_modules\egg-logrotator\app\schedule\clean_log.js
2020-06-09 10:21:50,516 INFO 6348 [egg-schedule]: register schedule D:\workspace\dsp-website\server\node_modules\egg\node_modules\egg-logrotator\app\schedule\rotate_by_file.js
2020-06-10 10:06:38,068 INFO 10428 [egg-schedule]: register schedule D:\workspace\dsp-website\server\node_modules\egg\node_modules\egg-multipart\app\schedule\clean_tmpdir.js
2020-06-10 10:06:38,068 INFO 10428 [egg-schedule]: register schedule D:\workspace\dsp-website\server\node_modules\egg\node_modules\egg-logrotator\app\schedule\clean_log.js
2020-06-10 10:06:38,068 INFO 10428 [egg-schedule]: register schedule D:\workspace\dsp-website\server\node_modules\egg\node_modules\egg-logrotator\app\schedule\rotate_by_file.js
2020-06-10 10:06:38,779 INFO 2504 [Timer] D:\workspace\dsp-website\server\node_modules\egg\node_modules\egg-multipart\app\schedule\clean_tmpdir.js next time will execute after 66201223ms at 2020-06-11 04:30:00.002
2020-06-10 10:06:38,780 INFO 2504 [Timer] D:\workspace\dsp-website\server\node_modules\egg\node_modules\egg-logrotator\app\schedule\clean_log.js next time will execute after 50001221ms at 2020-06-11 00:00:00.001
2020-06-10 10:06:38,780 INFO 2504 [Timer] D:\workspace\dsp-website\server\node_modules\egg\node_modules\egg-logrotator\app\schedule\rotate_by_file.js next time will execute after 50002220ms at 2020-06-11 00:00:01.000
2020-06-10 10:06:39,941 INFO 8160 [egg-schedule]: register schedule D:\workspace\dsp-website\server\node_modules\egg\node_modules\egg-multipart\app\schedule\clean_tmpdir.js
2020-06-10 10:06:39,941 INFO 8160 [egg-schedule]: register schedule D:\workspace\dsp-website\server\node_modules\egg\node_modules\egg-logrotator\app\schedule\clean_log.js
2020-06-10 10:06:39,941 INFO 8160 [egg-schedule]: register schedule D:\workspace\dsp-website\server\node_modules\egg\node_modules\egg-logrotator\app\schedule\rotate_by_file.js
2020-06-10 10:06:41,655 INFO 10484 [egg-schedule]: register schedule D:\workspace\dsp-website\server\node_modules\egg\node_modules\egg-multipart\app\schedule\clean_tmpdir.js
2020-06-10 10:06:41,655 INFO 10484 [egg-schedule]: register schedule D:\workspace\dsp-website\server\node_modules\egg\node_modules\egg-logrotator\app\schedule\clean_log.js
2020-06-10 10:06:41,655 INFO 10484 [egg-schedule]: register schedule D:\workspace\dsp-website\server\node_modules\egg\node_modules\egg-logrotator\app\schedule\rotate_by_file.js
2020-06-10 10:06:43,432 INFO 15824 [egg-schedule]: register schedule D:\workspace\dsp-website\server\node_modules\egg\node_modules\egg-multipart\app\schedule\clean_tmpdir.js
2020-06-10 10:06:43,432 INFO 15824 [egg-schedule]: register schedule D:\workspace\dsp-website\server\node_modules\egg\node_modules\egg-logrotator\app\schedule\clean_log.js
2020-06-10 10:06:43,432 INFO 15824 [egg-schedule]: register schedule D:\workspace\dsp-website\server\node_modules\egg\node_modules\egg-logrotator\app\schedule\rotate_by_file.js
2020-06-10 10:06:45,415 INFO 1972 [egg-schedule]: register schedule D:\workspace\dsp-website\server\node_modules\egg\node_modules\egg-multipart\app\schedule\clean_tmpdir.js
2020-06-10 10:06:45,415 INFO 1972 [egg-schedule]: register schedule D:\workspace\dsp-website\server\node_modules\egg\node_modules\egg-logrotator\app\schedule\clean_log.js
2020-06-10 10:06:45,415 INFO 1972 [egg-schedule]: register schedule D:\workspace\dsp-website\server\node_modules\egg\node_modules\egg-logrotator\app\schedule\rotate_by_file.js
2020-06-10 10:06:47,081 INFO 7404 [egg-schedule]: register schedule D:\workspace\dsp-website\server\node_modules\egg\node_modules\egg-multipart\app\schedule\clean_tmpdir.js
2020-06-10 10:06:47,081 INFO 7404 [egg-schedule]: register schedule D:\workspace\dsp-website\server\node_modules\egg\node_modules\egg-logrotator\app\schedule\clean_log.js
2020-06-10 10:06:47,081 INFO 7404 [egg-schedule]: register schedule D:\workspace\dsp-website\server\node_modules\egg\node_modules\egg-logrotator\app\schedule\rotate_by_file.js
2020-06-10 10:06:48,919 INFO 19140 [egg-schedule]: register schedule D:\workspace\dsp-website\server\node_modules\egg\node_modules\egg-multipart\app\schedule\clean_tmpdir.js
2020-06-10 10:06:48,919 INFO 19140 [egg-schedule]: register schedule D:\workspace\dsp-website\server\node_modules\egg\node_modules\egg-logrotator\app\schedule\clean_log.js
2020-06-10 10:06:48,919 INFO 19140 [egg-schedule]: register schedule D:\workspace\dsp-website\server\node_modules\egg\node_modules\egg-logrotator\app\schedule\rotate_by_file.js
2020-06-10 10:06:50,631 INFO 14872 [egg-schedule]: register schedule D:\workspace\dsp-website\server\node_modules\egg\node_modules\egg-multipart\app\schedule\clean_tmpdir.js
2020-06-10 10:06:50,631 INFO 14872 [egg-schedule]: register schedule D:\workspace\dsp-website\server\node_modules\egg\node_modules\egg-logrotator\app\schedule\clean_log.js
2020-06-10 10:06:50,631 INFO 14872 [egg-schedule]: register schedule D:\workspace\dsp-website\server\node_modules\egg\node_modules\egg-logrotator\app\schedule\rotate_by_file.js
2020-06-10 10:06:52,409 INFO 14772 [egg-schedule]: register schedule D:\workspace\dsp-website\server\node_modules\egg\node_modules\egg-multipart\app\schedule\clean_tmpdir.js
2020-06-10 10:06:52,409 INFO 14772 [egg-schedule]: register schedule D:\workspace\dsp-website\server\node_modules\egg\node_modules\egg-logrotator\app\schedule\clean_log.js
2020-06-10 10:06:52,409 INFO 14772 [egg-schedule]: register schedule D:\workspace\dsp-website\server\node_modules\egg\node_modules\egg-logrotator\app\schedule\rotate_by_file.js
2020-06-10 10:06:54,393 INFO 13144 [egg-schedule]: register schedule D:\workspace\dsp-website\server\node_modules\egg\node_modules\egg-multipart\app\schedule\clean_tmpdir.js
2020-06-10 10:06:54,393 INFO 13144 [egg-schedule]: register schedule D:\workspace\dsp-website\server\node_modules\egg\node_modules\egg-logrotator\app\schedule\clean_log.js
2020-06-10 10:06:54,393 INFO 13144 [egg-schedule]: register schedule D:\workspace\dsp-website\server\node_modules\egg\node_modules\egg-logrotator\app\schedule\rotate_by_file.js
2020-06-10 10:06:56,980 INFO 14432 [egg-schedule]: register schedule D:\workspace\dsp-website\server\node_modules\egg\node_modules\egg-multipart\app\schedule\clean_tmpdir.js
2020-06-10 10:06:56,980 INFO 14432 [egg-schedule]: register schedule D:\workspace\dsp-website\server\node_modules\egg\node_modules\egg-logrotator\app\schedule\clean_log.js
2020-06-10 10:06:56,980 INFO 14432 [egg-schedule]: register schedule D:\workspace\dsp-website\server\node_modules\egg\node_modules\egg-logrotator\app\schedule\rotate_by_file.js
