2020-06-08 14:55:32,767 INFO 15936 [egg-sequelize](0ms) Executed (default): SELECT 1+1 AS result
2020-06-08 14:55:42,861 INFO 16948 [egg-sequelize](1ms) Executed (default): SELECT 1+1 AS result
2020-06-08 14:56:48,541 INFO 10924 [egg-sequelize](1ms) Executed (default): SELECT 1+1 AS result
2020-06-08 14:57:40,734 INFO 6948 [egg-sequelize](0ms) Executed (default): SELECT 1+1 AS result
2020-06-08 14:58:00,717 INFO 7980 [egg-sequelize](1ms) Executed (default): SELECT 1+1 AS result
2020-06-08 14:58:55,569 INFO 2460 [egg-sequelize](1ms) Executed (default): SELECT 1+1 AS result
2020-06-08 15:01:58,628 INFO 7820 [egg-sequelize](0ms) Executed (default): SELECT 1+1 AS result
2020-06-08 15:02:13,692 INFO 1612 [egg-sequelize](1ms) Executed (default): SELECT 1+1 AS result
2020-06-08 15:05:59,609 INFO 5352 [egg-sequelize](1ms) Executed (default): SELECT 1+1 AS result
2020-06-08 15:12:28,607 INFO 15732 [egg-sequelize](1ms) Executed (default): SELECT 1+1 AS result
2020-06-08 15:12:35,705 INFO 7712 [egg-sequelize](1ms) Executed (default): SELECT 1+1 AS result
2020-06-08 15:12:39,059 INFO 2480 [egg-sequelize](0ms) Executed (default): SELECT 1+1 AS result
2020-06-08 15:13:00,644 INFO 14912 [egg-sequelize](0ms) Executed (default): SELECT 1+1 AS result
2020-06-08 15:13:31,561 INFO 6276 [egg-sequelize](1ms) Executed (default): SELECT 1+1 AS result
2020-06-08 15:13:42,052 INFO 12528 [egg-sequelize](0ms) Executed (default): SELECT 1+1 AS result
2020-06-08 15:14:29,006 INFO 1800 [egg-sequelize](0ms) Executed (default): SELECT 1+1 AS result
2020-06-08 15:14:31,833 INFO 3692 [egg-sequelize](1ms) Executed (default): SELECT 1+1 AS result
2020-06-08 15:14:33,732 INFO 18196 [egg-sequelize](1ms) Executed (default): SELECT 1+1 AS result
2020-06-08 15:14:35,763 INFO 14024 [egg-sequelize](1ms) Executed (default): SELECT 1+1 AS result
2020-06-08 15:14:37,723 INFO 10924 [egg-sequelize](0ms) Executed (default): SELECT 1+1 AS result
2020-06-08 15:14:49,990 INFO 11556 [egg-sequelize](1ms) Executed (default): SELECT 1+1 AS result
2020-06-08 15:14:51,147 INFO 3616 [egg-sequelize](1ms) Executed (default): SELECT 1+1 AS result
2020-06-08 15:17:29,202 INFO 18136 [egg-sequelize](0ms) Executed (default): SELECT 1+1 AS result
2020-06-08 15:18:01,203 INFO 6044 [egg-sequelize](1ms) Executed (default): SELECT 1+1 AS result
2020-06-08 15:18:41,426 INFO 6196 [egg-sequelize](1ms) Executed (default): SELECT 1+1 AS result
2020-06-08 15:18:50,714 INFO 12524 [egg-sequelize](1ms) Executed (default): SELECT 1+1 AS result
2020-06-08 15:18:52,348 INFO 1344 [egg-sequelize](1ms) Executed (default): SELECT 1+1 AS result
2020-06-08 15:18:54,305 INFO 5972 [egg-sequelize](1ms) Executed (default): SELECT 1+1 AS result
2020-06-08 15:26:09,688 INFO 13908 [egg-sequelize](1ms) Executed (default): SELECT 1+1 AS result
2020-06-08 15:27:15,102 INFO 1336 [egg-sequelize](1ms) Executed (default): SELECT 1+1 AS result
2020-06-08 15:27:19,537 INFO 2660 [egg-sequelize](0ms) Executed (default): SELECT 1+1 AS result
2020-06-08 15:27:24,353 INFO 128 [egg-sequelize](1ms) Executed (default): SELECT 1+1 AS result
2020-06-08 15:27:41,596 INFO 9416 [egg-sequelize](0ms) Executed (default): SELECT 1+1 AS result
2020-06-08 15:27:52,704 INFO 16264 [egg-sequelize](1ms) Executed (default): SELECT 1+1 AS result
2020-06-08 15:30:26,548 INFO 12852 [egg-sequelize](1ms) Executed (default): SELECT 1+1 AS result
2020-06-08 15:30:28,218 INFO 1344 [egg-sequelize](0ms) Executed (default): SELECT 1+1 AS result
2020-06-08 15:30:30,140 INFO 5004 [egg-sequelize](1ms) Executed (default): SELECT 1+1 AS result
2020-06-08 15:30:32,154 INFO 12824 [egg-sequelize](1ms) Executed (default): SELECT 1+1 AS result
2020-06-08 15:30:33,893 INFO 13440 [egg-sequelize](1ms) Executed (default): SELECT 1+1 AS result
2020-06-08 15:30:35,697 INFO 11108 [egg-sequelize](1ms) Executed (default): SELECT 1+1 AS result
2020-06-08 15:30:37,390 INFO 1376 [egg-sequelize](1ms) Executed (default): SELECT 1+1 AS result
2020-06-08 15:30:39,122 INFO 9984 [egg-sequelize](1ms) Executed (default): SELECT 1+1 AS result
2020-06-08 15:30:40,968 INFO 1856 [egg-sequelize](1ms) Executed (default): SELECT 1+1 AS result
2020-06-08 15:30:42,837 INFO 9448 [egg-sequelize](1ms) Executed (default): SELECT 1+1 AS result
2020-06-08 15:30:44,668 INFO 14668 [egg-sequelize](1ms) Executed (default): SELECT 1+1 AS result
2020-06-08 15:30:46,381 INFO 14664 [egg-sequelize](1ms) Executed (default): SELECT 1+1 AS result
2020-06-08 15:30:48,209 INFO 10692 [egg-sequelize](1ms) Executed (default): SELECT 1+1 AS result
2020-06-08 15:30:49,914 INFO 10308 [egg-sequelize](2ms) Executed (default): SELECT 1+1 AS result
2020-06-08 15:30:51,987 INFO 6032 [egg-sequelize](1ms) Executed (default): SELECT 1+1 AS result
2020-06-08 15:30:53,738 INFO 18056 [egg-sequelize](0ms) Executed (default): SELECT 1+1 AS result
2020-06-08 15:50:42,190 INFO 2028 [egg-sequelize](1ms) Executed (default): SELECT 1+1 AS result
2020-06-08 16:22:11,749 INFO 13772 [egg-sequelize](1ms) Executed (default): SELECT 1+1 AS result
2020-06-08 16:22:34,462 INFO 13772 [egg-sequelize](2ms) Executed (default): SELECT `id`, `title`, `auther`, `main_desc`, `main`, `banner`, `created_at`, `updated_at` FROM `news` AS `news`;
2020-06-08 16:22:34,474 ERROR 13772 [-/::1/-/20ms GET /v1/news/getList/0/2] nodejs.MODULE_NOT_FOUNDError: Cannot find module '../db/level'
    at Function.Module._resolveFilename (internal/modules/cjs/loader.js:582:15)
    at Function.Module._load (internal/modules/cjs/loader.js:508:25)
    at Module.require (internal/modules/cjs/loader.js:637:17)
    at require (internal/modules/cjs/helpers.js:22:18)
    at NewsController.get (D:\workspace\dsp-website\server\app\controller\news.js:90:13)
code: "MODULE_NOT_FOUND"
name: "MODULE_NOT_FOUNDError"
pid: 13772
hostname: linxincheng-windows

2020-06-08 16:24:00,865 INFO 8048 [egg-sequelize](0ms) Executed (default): SELECT 1+1 AS result
2020-06-08 16:27:16,978 INFO 11272 [egg-sequelize](1ms) Executed (default): SELECT 1+1 AS result
2020-06-08 16:27:27,288 INFO 11648 [egg-sequelize](1ms) Executed (default): SELECT 1+1 AS result
2020-06-08 16:27:49,136 INFO 13332 [egg-sequelize](1ms) Executed (default): SELECT 1+1 AS result
2020-06-08 16:28:57,370 INFO 13456 [egg-sequelize](1ms) Executed (default): SELECT 1+1 AS result
2020-06-08 16:28:59,109 INFO 13772 [egg-sequelize](0ms) Executed (default): SELECT 1+1 AS result
2020-06-08 16:29:01,290 INFO 16956 [egg-sequelize](1ms) Executed (default): SELECT 1+1 AS result
2020-06-08 16:29:13,719 INFO 6336 [egg-sequelize](1ms) Executed (default): SELECT 1+1 AS result
2020-06-08 16:29:15,392 INFO 8884 [egg-sequelize](1ms) Executed (default): SELECT 1+1 AS result
2020-06-09 10:20:46,515 INFO 13784 [egg-sequelize](1ms) Executed (default): SELECT 1+1 AS result
2020-06-09 10:20:48,130 INFO 7180 [egg-sequelize](1ms) Executed (default): SELECT 1+1 AS result
2020-06-09 10:20:49,816 INFO 17348 [egg-sequelize](1ms) Executed (default): SELECT 1+1 AS result
2020-06-09 10:20:55,563 INFO 7612 [egg-sequelize](1ms) Executed (default): SELECT 1+1 AS result
2020-06-09 10:20:57,247 INFO 9744 [egg-sequelize](1ms) Executed (default): SELECT 1+1 AS result
2020-06-09 10:20:59,198 INFO 17720 [egg-sequelize](1ms) Executed (default): SELECT 1+1 AS result
2020-06-09 10:21:00,832 INFO 12504 [egg-sequelize](0ms) Executed (default): SELECT 1+1 AS result
2020-06-09 10:21:02,762 INFO 7840 [egg-sequelize](0ms) Executed (default): SELECT 1+1 AS result
2020-06-09 10:21:04,347 INFO 10056 [egg-sequelize](1ms) Executed (default): SELECT 1+1 AS result
2020-06-09 10:21:06,143 INFO 10028 [egg-sequelize](1ms) Executed (default): SELECT 1+1 AS result
2020-06-09 10:21:07,770 INFO 14888 [egg-sequelize](1ms) Executed (default): SELECT 1+1 AS result
2020-06-09 10:21:09,551 INFO 10824 [egg-sequelize](1ms) Executed (default): SELECT 1+1 AS result
2020-06-09 10:21:11,210 INFO 8332 [egg-sequelize](1ms) Executed (default): SELECT 1+1 AS result
2020-06-09 10:21:13,148 INFO 7148 [egg-sequelize](0ms) Executed (default): SELECT 1+1 AS result
2020-06-09 10:21:51,129 INFO 6348 [egg-sequelize](1ms) Executed (default): SELECT 1+1 AS result
2020-06-10 10:06:38,762 INFO 10428 [egg-sequelize](1ms) Executed (default): SELECT 1+1 AS result
2020-06-10 10:06:40,506 INFO 8160 [egg-sequelize](0ms) Executed (default): SELECT 1+1 AS result
2020-06-10 10:06:42,196 INFO 10484 [egg-sequelize](1ms) Executed (default): SELECT 1+1 AS result
2020-06-10 10:06:44,127 INFO 15824 [egg-sequelize](1ms) Executed (default): SELECT 1+1 AS result
2020-06-10 10:06:45,944 INFO 1972 [egg-sequelize](0ms) Executed (default): SELECT 1+1 AS result
2020-06-10 10:06:47,663 INFO 7404 [egg-sequelize](0ms) Executed (default): SELECT 1+1 AS result
2020-06-10 10:06:49,490 INFO 19140 [egg-sequelize](1ms) Executed (default): SELECT 1+1 AS result
2020-06-10 10:06:51,223 INFO 14872 [egg-sequelize](1ms) Executed (default): SELECT 1+1 AS result
2020-06-10 10:06:53,001 INFO 14772 [egg-sequelize](1ms) Executed (default): SELECT 1+1 AS result
2020-06-10 10:06:55,330 INFO 13144 [egg-sequelize](0ms) Executed (default): SELECT 1+1 AS result
2020-06-10 10:06:57,694 INFO 14432 [egg-sequelize](1ms) Executed (default): SELECT 1+1 AS result
